2025-12-10 17:49:28 - __main__ - INFO - Initializing ImageNSFWAnalyzer with model: Falconsai/nsfw_image_detection
2025-12-10 17:49:28 - __main__ - INFO - Target device: cpu
2025-12-10 17:49:30 - __main__ - ERROR - CRITICAL: Could not load NSFW model: Your currently installed version of Keras is Keras 3, but this is not yet supported in Transformers. Please install the backwards-compatible tf-keras package with `pip install tf-keras`.
2025-12-10 17:49:30 - __main__ - WARNING - Falling back to safe mode (scores will be 0.0)
2025-12-10 17:52:20 - __main__ - INFO - Initializing ImageNSFWAnalyzer with model: Falconsai/nsfw_image_detection
2025-12-10 17:52:20 - __main__ - INFO - Target device: cpu
2025-12-10 17:52:21 - __main__ - ERROR - CRITICAL: Could not load NSFW model: Your currently installed version of Keras is Keras 3, but this is not yet supported in Transformers. Please install the backwards-compatible tf-keras package with `pip install tf-keras`.
2025-12-10 17:52:21 - __main__ - WARNING - Falling back to safe mode (scores will be 0.0)
2025-12-10 19:18:24 - __main__ - INFO - 
2025-12-10 19:18:24 - __main__ - INFO - ======================================================================
2025-12-10 19:18:24 - __main__ - INFO -   CLOUTCHECK AI - FULL PIPELINE
2025-12-10 19:18:24 - __main__ - INFO - ======================================================================
2025-12-10 19:18:24 - __main__ - INFO - Found 2 influencer(s) to analyze
2025-12-10 19:18:24 - __main__ - INFO - 
Processing @cristiano...
2025-12-10 19:18:24 - __main__ - INFO - 
2025-12-10 19:18:24 - __main__ - INFO - ======================================================================
2025-12-10 19:18:24 - __main__ - INFO -   STAGE 1: PREPROCESSING DATA (CRISTIANO)
2025-12-10 19:18:24 - __main__ - INFO - ======================================================================
2025-12-10 19:18:24 - src.data_prep.preprocess_apify_json - INFO - Processing cristiano_posts.json...
2025-12-10 19:18:24 - src.data_prep.preprocess_apify_json - INFO - Found 179 posts
2025-12-10 19:18:24 - src.data_prep.preprocess_apify_json - INFO - Successfully processed 179 posts for @cristiano_posts
2025-12-10 19:18:24 - src.data_prep.preprocess_apify_json - INFO - Saved to C:\Users\user\Desktop\FYP\data\processed\cristiano_processed.csv
2025-12-10 19:18:24 - __main__ - INFO - Media already downloaded, skipping Stage 2...
2025-12-10 19:18:24 - __main__ - INFO -   Images: 1194 files
2025-12-10 19:18:25 - __main__ - INFO -   Videos: 133 files
2025-12-10 19:18:25 - __main__ - INFO - 
2025-12-10 19:18:25 - __main__ - INFO - ======================================================================
2025-12-10 19:18:25 - __main__ - INFO -   STAGE 3: RUNNING AI ANALYSIS (CRISTIANO)
2025-12-10 19:18:25 - __main__ - INFO - ======================================================================
2025-12-10 19:18:25 - __main__ - INFO - 
2025-12-10 19:18:25 - __main__ - INFO - ======================================================================
2025-12-10 19:18:25 - __main__ - INFO -   ANALYZING @CRISTIANO
2025-12-10 19:18:25 - __main__ - INFO - ======================================================================
2025-12-10 19:18:25 - __main__ - INFO - Loaded 179 posts for @cristiano
2025-12-10 19:18:25 - src.models.text_toxicity - INFO - Initializing TextAnalyzer on cpu
2025-12-10 19:18:25 - src.models.text_toxicity - INFO - Loading Toxicity model: unitary/unbiased-toxic-roberta
2025-12-10 19:20:00 - src.models.text_toxicity - INFO - Toxicity model loaded successfully
2025-12-10 19:20:00 - src.models.text_toxicity - INFO - Loading sentiment model: cardiffnlp/twitter-roberta-base-sentiment-latest
2025-12-10 19:21:29 - src.models.text_toxicity - INFO - TextAnalyzer initialized successfully
2025-12-10 19:21:29 - src.models.image_nsfw - INFO - Initializing ImageNSFWAnalyzer with model: Falconsai/nsfw_image_detection
2025-12-10 19:21:29 - src.models.image_nsfw - INFO - Target device: cpu
2025-12-10 19:22:31 - src.models.image_nsfw - INFO - ✓ NSFW model loaded successfully
2025-12-10 19:22:31 - __main__ - INFO - Analyzing text content...
2025-12-10 19:30:53 - __main__ - INFO - Analyzing images...
2025-12-10 19:30:53 - __main__ - INFO - Found 472 images
2025-12-10 19:40:52 - __main__ - INFO - Analyzing videos...
2025-12-10 19:40:52 - src.models.video_analysis - INFO - Initializing VideoAnalyzer
2025-12-10 19:40:52 - src.models.audio_analysis - INFO - Loading Whisper model: tiny on cpu
2025-12-10 19:41:48 - src.models.audio_analysis - INFO - Whisper model loaded successfully
2025-12-10 19:41:48 - __main__ - INFO - Found 31 videos
2025-12-10 19:41:48 - src.models.video_analysis - INFO - Analyzing video: cristiano_v_1.mp4
2025-12-10 19:41:48 - src.data_prep.video_processor - INFO - Extracting frames from cristiano_v_1 (FPS: 25.0, interval: 25)
2025-12-10 19:42:02 - src.data_prep.video_processor - INFO - Extracted 86 frames from cristiano_v_1
2025-12-10 19:42:04 - src.models.video_analysis - INFO - Analyzing 86 frames...
2025-12-10 19:43:24 - src.models.video_analysis - INFO - Analyzing audio from cristiano_v_1.wav...
2025-12-10 19:43:24 - src.models.audio_analysis - INFO - Transcribing cristiano_v_1.wav...
2025-12-10 19:44:22 - src.models.audio_analysis - INFO - Transcription complete: 311 characters, 8 segments
2025-12-10 19:44:23 - src.models.video_analysis - INFO - Analyzing video: cristiano_v_10.mp4
2025-12-10 19:44:23 - src.data_prep.video_processor - INFO - Extracting frames from cristiano_v_10 (FPS: 25.0, interval: 25)
2025-12-10 19:44:26 - src.data_prep.video_processor - INFO - Extracted 74 frames from cristiano_v_10
2025-12-10 19:44:27 - src.models.video_analysis - INFO - Analyzing 74 frames...
2025-12-10 19:46:06 - src.models.video_analysis - INFO - Analyzing audio from cristiano_v_10.wav...
2025-12-10 19:46:06 - src.models.audio_analysis - INFO - Transcribing cristiano_v_10.wav...
2025-12-10 19:46:32 - src.models.audio_analysis - INFO - Transcription complete: 430 characters, 29 segments
2025-12-10 19:46:33 - src.models.video_analysis - INFO - Analyzing video: cristiano_v_11.mp4
2025-12-10 19:46:33 - src.data_prep.video_processor - INFO - Extracting frames from cristiano_v_11 (FPS: 30.0, interval: 30)
2025-12-10 19:46:33 - src.data_prep.video_processor - INFO - Extracted 8 frames from cristiano_v_11
2025-12-10 19:46:34 - src.models.video_analysis - INFO - Analyzing 8 frames...
2025-12-10 19:46:42 - src.models.video_analysis - INFO - Analyzing audio from cristiano_v_11.wav...
2025-12-10 19:46:42 - src.models.audio_analysis - INFO - Transcribing cristiano_v_11.wav...
2025-12-10 19:47:33 - src.models.audio_analysis - INFO - Transcription complete: 34 characters, 4 segments
2025-12-10 19:47:33 - src.models.video_analysis - INFO - Analyzing video: cristiano_v_12.mp4
2025-12-10 19:47:33 - src.data_prep.video_processor - INFO - Extracting frames from cristiano_v_12 (FPS: 30.0, interval: 30)
2025-12-10 19:47:34 - src.data_prep.video_processor - INFO - Extracted 22 frames from cristiano_v_12
2025-12-10 19:47:35 - src.models.video_analysis - INFO - Analyzing 22 frames...
2025-12-10 19:47:55 - src.models.video_analysis - INFO - Analyzing audio from cristiano_v_12.wav...
2025-12-10 19:47:55 - src.models.audio_analysis - INFO - Transcribing cristiano_v_12.wav...
2025-12-10 19:48:01 - src.models.audio_analysis - INFO - Transcription complete: 72 characters, 1 segments
2025-12-10 19:48:02 - src.models.video_analysis - INFO - Analyzing video: cristiano_v_13.mp4
2025-12-10 19:48:02 - src.data_prep.video_processor - INFO - Extracting frames from cristiano_v_13 (FPS: 24.0, interval: 23)
2025-12-10 19:48:03 - src.data_prep.video_processor - INFO - Extracted 27 frames from cristiano_v_13
2025-12-10 19:48:03 - src.models.video_analysis - INFO - Analyzing 27 frames...
2025-12-10 19:48:36 - src.models.video_analysis - INFO - Analyzing audio from cristiano_v_13.wav...
2025-12-10 19:48:36 - src.models.audio_analysis - INFO - Transcribing cristiano_v_13.wav...
2025-12-10 19:48:45 - src.models.audio_analysis - INFO - Transcription complete: 321 characters, 7 segments
2025-12-10 19:48:46 - src.models.video_analysis - INFO - Analyzing video: cristiano_v_14.mp4
2025-12-10 19:48:46 - src.data_prep.video_processor - INFO - Extracting frames from cristiano_v_14 (FPS: 30.0, interval: 30)
2025-12-10 19:48:51 - src.data_prep.video_processor - INFO - Extracted 62 frames from cristiano_v_14
2025-12-10 19:48:51 - src.models.video_analysis - INFO - Analyzing 62 frames...
2025-12-10 19:50:00 - src.models.video_analysis - INFO - Analyzing audio from cristiano_v_14.wav...
2025-12-10 19:50:00 - src.models.audio_analysis - INFO - Transcribing cristiano_v_14.wav...
2025-12-10 19:51:13 - src.models.audio_analysis - INFO - Transcription complete: 79 characters, 6 segments
2025-12-10 19:51:13 - src.models.video_analysis - INFO - Analyzing video: cristiano_v_15.mp4
2025-12-10 19:51:14 - src.data_prep.video_processor - INFO - Extracting frames from cristiano_v_15 (FPS: 30.0, interval: 30)
2025-12-10 19:51:15 - src.data_prep.video_processor - INFO - Extracted 36 frames from cristiano_v_15
2025-12-10 19:51:16 - src.models.video_analysis - INFO - Analyzing 36 frames...
2025-12-10 19:52:00 - src.models.video_analysis - INFO - Analyzing audio from cristiano_v_15.wav...
2025-12-10 19:52:00 - src.models.audio_analysis - INFO - Transcribing cristiano_v_15.wav...
2025-12-10 19:53:34 - src.models.audio_analysis - INFO - Transcription complete: 55 characters, 5 segments
2025-12-10 19:53:34 - src.models.video_analysis - INFO - Analyzing video: cristiano_v_16.mp4
2025-12-10 19:53:34 - src.data_prep.video_processor - INFO - Extracting frames from cristiano_v_16 (FPS: 30.0, interval: 30)
2025-12-10 19:53:35 - src.data_prep.video_processor - INFO - Extracted 12 frames from cristiano_v_16
2025-12-10 19:53:35 - src.models.video_analysis - INFO - Analyzing 12 frames...
2025-12-10 19:53:51 - src.models.video_analysis - INFO - Analyzing audio from cristiano_v_16.wav...
2025-12-10 19:53:51 - src.models.audio_analysis - INFO - Transcribing cristiano_v_16.wav...
2025-12-10 19:54:14 - src.models.audio_analysis - INFO - Transcription complete: 191 characters, 6 segments
2025-12-10 19:54:15 - src.models.video_analysis - INFO - Analyzing video: cristiano_v_17.mp4
2025-12-10 19:54:15 - src.data_prep.video_processor - INFO - Extracting frames from cristiano_v_17 (FPS: 30.0, interval: 30)
2025-12-10 19:54:19 - src.data_prep.video_processor - INFO - Extracted 53 frames from cristiano_v_17
2025-12-10 19:54:19 - src.models.video_analysis - INFO - Analyzing 53 frames...
2025-12-10 19:55:23 - src.models.video_analysis - INFO - Analyzing audio from cristiano_v_17.wav...
2025-12-10 19:55:23 - src.models.audio_analysis - INFO - Transcribing cristiano_v_17.wav...
2025-12-10 19:55:38 - src.models.audio_analysis - INFO - Transcription complete: 342 characters, 6 segments
2025-12-10 19:55:39 - src.models.video_analysis - INFO - Analyzing video: cristiano_v_18.mp4
2025-12-10 19:55:39 - src.data_prep.video_processor - INFO - Extracting frames from cristiano_v_18 (FPS: 25.0, interval: 25)
2025-12-10 19:55:40 - src.data_prep.video_processor - INFO - Extracted 9 frames from cristiano_v_18
2025-12-10 19:55:40 - src.models.video_analysis - INFO - Analyzing 9 frames...
2025-12-10 19:55:54 - src.models.video_analysis - INFO - Analyzing audio from cristiano_v_18.wav...
2025-12-10 19:55:54 - src.models.audio_analysis - INFO - Transcribing cristiano_v_18.wav...
2025-12-10 19:56:19 - src.models.audio_analysis - INFO - Transcription complete: 5 characters, 1 segments
2025-12-10 19:56:19 - src.models.video_analysis - INFO - Analyzing video: cristiano_v_19.mp4
2025-12-10 19:56:19 - src.data_prep.video_processor - INFO - Extracting frames from cristiano_v_19 (FPS: 25.0, interval: 25)
2025-12-10 19:56:22 - src.data_prep.video_processor - INFO - Extracted 66 frames from cristiano_v_19
2025-12-10 19:56:23 - src.models.video_analysis - INFO - Analyzing 66 frames...
2025-12-10 19:58:35 - src.models.video_analysis - INFO - Analyzing audio from cristiano_v_19.wav...
2025-12-10 19:58:35 - src.models.audio_analysis - INFO - Transcribing cristiano_v_19.wav...
2025-12-10 19:58:49 - src.models.audio_analysis - INFO - Transcription complete: 544 characters, 11 segments
2025-12-10 19:58:50 - src.models.video_analysis - INFO - Analyzing video: cristiano_v_2.mp4
2025-12-10 19:58:50 - src.data_prep.video_processor - INFO - Extracting frames from cristiano_v_2 (FPS: 25.0, interval: 25)
2025-12-10 19:58:55 - src.data_prep.video_processor - INFO - Extracted 25 frames from cristiano_v_2
2025-12-10 19:58:55 - src.models.video_analysis - INFO - Analyzing 25 frames...
2025-12-10 19:59:19 - src.models.video_analysis - INFO - Analyzing audio from cristiano_v_2.wav...
2025-12-10 19:59:19 - src.models.audio_analysis - INFO - Transcribing cristiano_v_2.wav...
2025-12-10 19:59:26 - src.models.audio_analysis - INFO - Transcription complete: 213 characters, 8 segments
2025-12-10 19:59:27 - src.models.video_analysis - INFO - Analyzing video: cristiano_v_20.mp4
2025-12-10 19:59:27 - src.data_prep.video_processor - INFO - Extracting frames from cristiano_v_20 (FPS: 25.0, interval: 25)
2025-12-10 19:59:30 - src.data_prep.video_processor - INFO - Extracted 93 frames from cristiano_v_20
2025-12-10 19:59:30 - src.models.video_analysis - INFO - Analyzing 93 frames...
2025-12-10 20:00:53 - src.models.video_analysis - INFO - Analyzing audio from cristiano_v_20.wav...
2025-12-10 20:00:53 - src.models.audio_analysis - INFO - Transcribing cristiano_v_20.wav...
2025-12-10 20:02:33 - src.models.audio_analysis - INFO - Transcription complete: 392 characters, 31 segments
2025-12-10 20:02:35 - src.models.video_analysis - INFO - Analyzing video: cristiano_v_21.mp4
2025-12-10 20:02:35 - src.data_prep.video_processor - INFO - Extracting frames from cristiano_v_21 (FPS: 25.0, interval: 25)
2025-12-10 20:02:36 - src.data_prep.video_processor - INFO - Extracted 21 frames from cristiano_v_21
2025-12-10 20:02:36 - src.models.video_analysis - INFO - Analyzing 21 frames...
2025-12-10 20:02:56 - src.models.video_analysis - INFO - Analyzing audio from cristiano_v_21.wav...
2025-12-10 20:02:56 - src.models.audio_analysis - INFO - Transcribing cristiano_v_21.wav...
2025-12-10 20:03:14 - src.models.audio_analysis - INFO - Transcription complete: 47 characters, 3 segments
2025-12-10 20:03:15 - src.models.video_analysis - INFO - Analyzing video: cristiano_v_22.mp4
2025-12-10 20:03:15 - src.data_prep.video_processor - INFO - Extracting frames from cristiano_v_22 (FPS: 30.0, interval: 30)
2025-12-10 20:03:17 - src.data_prep.video_processor - INFO - Extracted 57 frames from cristiano_v_22
2025-12-10 20:03:18 - src.models.video_analysis - INFO - Analyzing 57 frames...
2025-12-10 20:04:09 - src.models.video_analysis - INFO - Analyzing audio from cristiano_v_22.wav...
2025-12-10 20:04:09 - src.models.audio_analysis - INFO - Transcribing cristiano_v_22.wav...
2025-12-10 20:04:16 - src.models.audio_analysis - INFO - Transcription complete: 74 characters, 6 segments
2025-12-10 20:04:16 - src.models.video_analysis - INFO - Analyzing video: cristiano_v_23.mp4
2025-12-10 20:04:17 - src.data_prep.video_processor - INFO - Extracting frames from cristiano_v_23 (FPS: 30.0, interval: 29)
2025-12-10 20:04:17 - src.data_prep.video_processor - INFO - Extracted 19 frames from cristiano_v_23
2025-12-10 20:04:17 - src.models.video_analysis - INFO - Analyzing 19 frames...
2025-12-10 20:04:34 - src.models.video_analysis - INFO - Analyzing audio from cristiano_v_23.wav...
2025-12-10 20:04:34 - src.models.audio_analysis - INFO - Transcribing cristiano_v_23.wav...
2025-12-10 20:04:48 - src.models.audio_analysis - INFO - Transcription complete: 7 characters, 3 segments
2025-12-10 20:04:49 - src.models.video_analysis - INFO - Analyzing video: cristiano_v_24.mp4
2025-12-10 20:04:49 - src.data_prep.video_processor - INFO - Extracting frames from cristiano_v_24 (FPS: 30.0, interval: 30)
2025-12-10 20:04:50 - src.data_prep.video_processor - INFO - Extracted 25 frames from cristiano_v_24
2025-12-10 20:04:50 - src.models.video_analysis - INFO - Analyzing 25 frames...
2025-12-10 20:05:11 - src.models.video_analysis - INFO - Analyzing audio from cristiano_v_24.wav...
2025-12-10 20:05:11 - src.models.audio_analysis - INFO - Transcribing cristiano_v_24.wav...
2025-12-10 20:05:33 - src.models.audio_analysis - INFO - Transcription complete: 30 characters, 1 segments
2025-12-10 20:05:33 - src.models.video_analysis - INFO - Analyzing video: cristiano_v_25.mp4
2025-12-10 20:05:33 - src.data_prep.video_processor - INFO - Extracting frames from cristiano_v_25 (FPS: 25.0, interval: 25)
2025-12-10 20:05:34 - src.data_prep.video_processor - INFO - Extracted 18 frames from cristiano_v_25
2025-12-10 20:05:35 - src.models.video_analysis - INFO - Analyzing 18 frames...
2025-12-10 20:05:51 - src.models.video_analysis - INFO - Analyzing audio from cristiano_v_25.wav...
2025-12-10 20:05:51 - src.models.audio_analysis - INFO - Transcribing cristiano_v_25.wav...
2025-12-10 20:05:56 - src.models.audio_analysis - INFO - Transcription complete: 68 characters, 2 segments
2025-12-10 20:05:56 - src.models.video_analysis - INFO - Analyzing video: cristiano_v_26.mp4
2025-12-10 20:05:56 - src.data_prep.video_processor - INFO - Extracting frames from cristiano_v_26 (FPS: 29.9, interval: 29)
2025-12-10 20:05:57 - src.data_prep.video_processor - INFO - Extracted 20 frames from cristiano_v_26
2025-12-10 20:05:57 - src.models.video_analysis - INFO - Analyzing 20 frames...
2025-12-10 20:06:28 - src.models.video_analysis - INFO - Analyzing audio from cristiano_v_26.wav...
2025-12-10 20:06:28 - src.models.audio_analysis - INFO - Transcribing cristiano_v_26.wav...
2025-12-10 20:06:36 - src.models.audio_analysis - INFO - Transcription complete: 281 characters, 6 segments
2025-12-10 20:06:37 - src.models.video_analysis - INFO - Analyzing video: cristiano_v_27.mp4
2025-12-10 20:06:37 - src.data_prep.video_processor - INFO - Extracting frames from cristiano_v_27 (FPS: 30.0, interval: 30)
2025-12-10 20:06:38 - src.data_prep.video_processor - INFO - Extracted 18 frames from cristiano_v_27
2025-12-10 20:06:38 - src.models.video_analysis - INFO - Analyzing 18 frames...
2025-12-10 20:06:55 - src.models.video_analysis - INFO - Analyzing audio from cristiano_v_27.wav...
2025-12-10 20:06:55 - src.models.audio_analysis - INFO - Transcribing cristiano_v_27.wav...
2025-12-10 20:07:10 - src.models.audio_analysis - INFO - Transcription complete: 14 characters, 2 segments
2025-12-10 20:07:10 - src.models.video_analysis - INFO - Analyzing video: cristiano_v_28.mp4
2025-12-10 20:07:10 - src.data_prep.video_processor - INFO - Extracting frames from cristiano_v_28 (FPS: 25.0, interval: 25)
2025-12-10 20:07:11 - src.data_prep.video_processor - INFO - Extracted 17 frames from cristiano_v_28
2025-12-10 20:07:11 - src.models.video_analysis - INFO - Analyzing 17 frames...
2025-12-10 20:07:28 - src.models.video_analysis - INFO - Analyzing audio from cristiano_v_28.wav...
2025-12-10 20:07:28 - src.models.audio_analysis - INFO - Transcribing cristiano_v_28.wav...
2025-12-10 20:07:50 - src.models.audio_analysis - INFO - Transcription complete: 44 characters, 1 segments
2025-12-10 20:07:50 - src.models.video_analysis - INFO - Analyzing video: cristiano_v_29.mp4
2025-12-10 20:07:50 - src.data_prep.video_processor - INFO - Extracting frames from cristiano_v_29 (FPS: 25.0, interval: 25)
2025-12-10 20:07:51 - src.data_prep.video_processor - INFO - Extracted 20 frames from cristiano_v_29
2025-12-10 20:07:52 - src.models.video_analysis - INFO - Analyzing 20 frames...
2025-12-10 20:08:09 - src.models.video_analysis - INFO - Analyzing audio from cristiano_v_29.wav...
2025-12-10 20:08:09 - src.models.audio_analysis - INFO - Transcribing cristiano_v_29.wav...
2025-12-10 20:08:23 - src.models.audio_analysis - INFO - Transcription complete: 111 characters, 4 segments
2025-12-10 20:08:23 - src.models.video_analysis - INFO - Analyzing video: cristiano_v_3.mp4
2025-12-10 20:08:24 - src.data_prep.video_processor - INFO - Extracting frames from cristiano_v_3 (FPS: 25.0, interval: 25)
2025-12-10 20:08:31 - src.data_prep.video_processor - INFO - Extracted 48 frames from cristiano_v_3
2025-12-10 20:08:32 - src.models.video_analysis - INFO - Analyzing 48 frames...
2025-12-10 20:09:16 - src.models.video_analysis - INFO - Analyzing audio from cristiano_v_3.wav...
2025-12-10 20:09:16 - src.models.audio_analysis - INFO - Transcribing cristiano_v_3.wav...
2025-12-10 20:09:30 - src.models.audio_analysis - INFO - Transcription complete: 620 characters, 27 segments
2025-12-10 20:09:32 - src.models.video_analysis - INFO - Analyzing video: cristiano_v_30.mp4
2025-12-10 20:09:32 - src.data_prep.video_processor - INFO - Extracting frames from cristiano_v_30 (FPS: 30.0, interval: 30)
2025-12-10 20:09:35 - src.data_prep.video_processor - INFO - Extracted 60 frames from cristiano_v_30
2025-12-10 20:09:36 - src.models.video_analysis - INFO - Analyzing 60 frames...
2025-12-10 20:10:28 - src.models.video_analysis - INFO - Analyzing audio from cristiano_v_30.wav...
2025-12-10 20:10:28 - src.models.audio_analysis - INFO - Transcribing cristiano_v_30.wav...
2025-12-10 20:10:44 - src.models.audio_analysis - INFO - Transcription complete: 414 characters, 10 segments
2025-12-10 20:10:45 - src.models.video_analysis - INFO - Analyzing video: cristiano_v_31.mp4
2025-12-10 20:10:45 - src.data_prep.video_processor - INFO - Extracting frames from cristiano_v_31 (FPS: 24.0, interval: 24)
2025-12-10 20:11:09 - src.data_prep.video_processor - INFO - Extracted 90 frames from cristiano_v_31
2025-12-10 20:11:10 - src.models.video_analysis - INFO - Analyzing 90 frames...
2025-12-10 20:13:19 - src.models.video_analysis - INFO - Analyzing audio from cristiano_v_31.wav...
2025-12-10 20:13:19 - src.models.audio_analysis - INFO - Transcribing cristiano_v_31.wav...
2025-12-10 20:14:35 - src.models.audio_analysis - INFO - Transcription complete: 1016 characters, 30 segments
2025-12-10 20:14:39 - src.models.video_analysis - INFO - Analyzing video: cristiano_v_4.mp4
2025-12-10 20:14:40 - src.data_prep.video_processor - INFO - Extracting frames from cristiano_v_4 (FPS: 25.0, interval: 25)
2025-12-10 20:14:52 - src.data_prep.video_processor - INFO - Extracted 58 frames from cristiano_v_4
2025-12-10 20:14:53 - src.models.video_analysis - INFO - Analyzing 58 frames...
2025-12-10 20:16:21 - src.models.video_analysis - INFO - Analyzing audio from cristiano_v_4.wav...
2025-12-10 20:16:21 - src.models.audio_analysis - INFO - Transcribing cristiano_v_4.wav...
2025-12-10 20:17:57 - src.models.audio_analysis - INFO - Transcription complete: 294 characters, 13 segments
2025-12-10 20:18:00 - src.models.video_analysis - INFO - Analyzing video: cristiano_v_5.mp4
2025-12-10 20:18:00 - src.data_prep.video_processor - INFO - Extracting frames from cristiano_v_5 (FPS: 25.0, interval: 25)
2025-12-10 20:18:10 - src.data_prep.video_processor - INFO - Extracted 58 frames from cristiano_v_5
2025-12-10 20:18:10 - src.models.video_analysis - INFO - Analyzing 58 frames...
2025-12-10 20:19:02 - src.models.video_analysis - INFO - Analyzing audio from cristiano_v_5.wav...
2025-12-10 20:19:02 - src.models.audio_analysis - INFO - Transcribing cristiano_v_5.wav...
2025-12-10 20:19:08 - src.models.audio_analysis - INFO - Transcription complete: 0 characters, 0 segments
2025-12-10 20:19:08 - src.models.audio_analysis - WARNING - No transcription for C:\Users\user\Desktop\FYP\dataset\temp_video_frames\cristiano_v_5.wav, skipping text analysis
2025-12-10 20:19:08 - src.models.video_analysis - INFO - Analyzing video: cristiano_v_6.mp4
2025-12-10 20:19:08 - src.data_prep.video_processor - INFO - Extracting frames from cristiano_v_6 (FPS: 25.0, interval: 25)
2025-12-10 20:19:11 - src.data_prep.video_processor - INFO - Extracted 21 frames from cristiano_v_6
2025-12-10 20:19:12 - src.models.video_analysis - INFO - Analyzing 21 frames...
2025-12-10 20:19:29 - src.models.video_analysis - INFO - Analyzing audio from cristiano_v_6.wav...
2025-12-10 20:19:29 - src.models.audio_analysis - INFO - Transcribing cristiano_v_6.wav...
2025-12-10 20:19:45 - src.models.audio_analysis - INFO - Transcription complete: 104 characters, 7 segments
2025-12-10 20:19:46 - src.models.video_analysis - INFO - Analyzing video: cristiano_v_7.mp4
2025-12-10 20:19:46 - src.data_prep.video_processor - INFO - Extracting frames from cristiano_v_7 (FPS: 25.0, interval: 25)
2025-12-10 20:19:57 - src.data_prep.video_processor - INFO - Extracted 63 frames from cristiano_v_7
2025-12-10 20:19:57 - src.models.video_analysis - INFO - Analyzing 63 frames...
2025-12-10 20:20:52 - src.models.video_analysis - INFO - Analyzing audio from cristiano_v_7.wav...
2025-12-10 20:20:52 - src.models.audio_analysis - INFO - Transcribing cristiano_v_7.wav...
2025-12-10 20:21:04 - src.models.audio_analysis - INFO - Transcription complete: 333 characters, 11 segments
2025-12-10 20:21:05 - src.models.video_analysis - INFO - Analyzing video: cristiano_v_8.mp4
2025-12-10 20:21:06 - src.data_prep.video_processor - INFO - Extracting frames from cristiano_v_8 (FPS: 30.0, interval: 30)
2025-12-10 20:21:11 - src.data_prep.video_processor - INFO - Extracted 30 frames from cristiano_v_8
2025-12-10 20:21:12 - src.models.video_analysis - INFO - Analyzing 30 frames...
2025-12-10 20:21:40 - src.models.video_analysis - INFO - Analyzing audio from cristiano_v_8.wav...
2025-12-10 20:21:40 - src.models.audio_analysis - INFO - Transcribing cristiano_v_8.wav...
2025-12-10 20:21:49 - src.models.audio_analysis - INFO - Transcription complete: 274 characters, 5 segments
2025-12-10 20:21:49 - src.models.video_analysis - INFO - Analyzing video: cristiano_v_9.mp4
2025-12-10 20:21:49 - src.data_prep.video_processor - INFO - Extracting frames from cristiano_v_9 (FPS: 30.0, interval: 30)
2025-12-10 20:21:51 - src.data_prep.video_processor - INFO - Extracted 41 frames from cristiano_v_9
2025-12-10 20:21:52 - src.models.video_analysis - INFO - Analyzing 41 frames...
2025-12-10 20:22:26 - src.models.video_analysis - INFO - Analyzing audio from cristiano_v_9.wav...
2025-12-10 20:22:26 - src.models.audio_analysis - INFO - Transcribing cristiano_v_9.wav...
2025-12-10 20:22:31 - src.models.audio_analysis - INFO - Transcription complete: 0 characters, 0 segments
2025-12-10 20:22:31 - src.models.audio_analysis - WARNING - No transcription for C:\Users\user\Desktop\FYP\dataset\temp_video_frames\cristiano_v_9.wav, skipping text analysis
2025-12-10 20:22:31 - __main__ - INFO - Calculating aggregate scores...
2025-12-10 20:22:32 - src.brand_fit.brand_analyzer - INFO - Initialized BrandFitAnalyzer for e.l.f. Cosmetics
2025-12-10 20:22:32 - src.brand_fit.brand_analyzer - INFO - Analyzing brand fit for @cristiano with e.l.f. Cosmetics
2025-12-10 20:22:32 - __main__ - INFO - Results saved to: C:\Users\user\Desktop\FYP\results\cristiano_analysis.json
2025-12-10 20:22:32 - __main__ - INFO - 
2025-12-10 20:22:32 - __main__ - INFO - ======================================================================
2025-12-10 20:22:32 - __main__ - INFO -   STAGE 4: CLEANUP
2025-12-10 20:22:32 - __main__ - INFO - ======================================================================
2025-12-10 20:22:32 - src.utils.storage - INFO - Deleted 102 videos, freed 1.16 GB
2025-12-10 20:22:32 - src.utils.storage - INFO - Total space freed: 1.16 GB
2025-12-10 20:22:32 - src.utils.storage - INFO - Total space freed: 1.16 GB
2025-12-10 20:22:32 - src.utils.storage - INFO - ==================================================
2025-12-10 20:22:32 - src.utils.storage - INFO - STORAGE USAGE REPORT
2025-12-10 20:22:32 - src.utils.storage - INFO - ==================================================
2025-12-10 20:22:33 - src.utils.storage - INFO - Images........................       203.91 MB
2025-12-10 20:22:33 - src.utils.storage - INFO - Videos........................          0.00 B
2025-12-10 20:22:33 - src.utils.storage - INFO - Dataset Total.................       312.87 MB
2025-12-10 20:22:33 - src.utils.storage - INFO - ==================================================
2025-12-10 20:22:33 - __main__ - INFO - 
Analysis complete for @cristiano
2025-12-10 20:22:33 - __main__ - INFO - 
Processing @mattrife...
2025-12-10 20:22:33 - __main__ - INFO - 
2025-12-10 20:22:33 - __main__ - INFO - ======================================================================
2025-12-10 20:22:33 - __main__ - INFO -   STAGE 1: PREPROCESSING DATA (MATTRIFE)
2025-12-10 20:22:33 - __main__ - INFO - ======================================================================
2025-12-10 20:22:33 - __main__ - INFO - Moved JSON to C:\Users\user\Desktop\FYP\data\raw\mattrife_posts.json
2025-12-10 20:22:33 - src.data_prep.preprocess_apify_json - INFO - Processing mattrife_posts.json...
2025-12-10 20:22:33 - src.data_prep.preprocess_apify_json - INFO - Found 135 posts
2025-12-10 20:22:33 - src.data_prep.preprocess_apify_json - INFO - Successfully processed 135 posts for @mattrife_posts
2025-12-10 20:22:33 - src.data_prep.preprocess_apify_json - INFO - Saved to C:\Users\user\Desktop\FYP\data\processed\mattrife_processed.csv
2025-12-10 20:22:33 - __main__ - INFO - Media already downloaded, skipping Stage 2...
2025-12-10 20:22:33 - __main__ - INFO -   Images: 1194 files
2025-12-10 20:22:33 - __main__ - INFO -   Videos: 0 files
2025-12-10 20:22:33 - __main__ - INFO - 
2025-12-10 20:22:33 - __main__ - INFO - ======================================================================
2025-12-10 20:22:33 - __main__ - INFO -   STAGE 3: RUNNING AI ANALYSIS (MATTRIFE)
2025-12-10 20:22:33 - __main__ - INFO - ======================================================================
2025-12-10 20:22:33 - __main__ - INFO - 
2025-12-10 20:22:33 - __main__ - INFO - ======================================================================
2025-12-10 20:22:33 - __main__ - INFO -   ANALYZING @MATTRIFE
2025-12-10 20:22:33 - __main__ - INFO - ======================================================================
2025-12-10 20:22:34 - __main__ - INFO - Loaded 135 posts for @mattrife
2025-12-10 20:22:34 - __main__ - INFO - Analyzing text content...
2025-12-10 20:26:33 - __main__ - INFO - Analyzing images...
2025-12-10 20:26:33 - __main__ - INFO - Found 682 images
2025-12-10 20:38:32 - __main__ - INFO - Analyzing videos...
2025-12-10 20:38:32 - __main__ - INFO - Found 0 videos
2025-12-10 20:38:32 - __main__ - INFO - Calculating aggregate scores...
2025-12-10 20:38:32 - src.brand_fit.brand_analyzer - INFO - Initialized BrandFitAnalyzer for e.l.f. Cosmetics
2025-12-10 20:38:32 - src.brand_fit.brand_analyzer - INFO - Analyzing brand fit for @mattrife with e.l.f. Cosmetics
2025-12-10 20:38:32 - __main__ - INFO - Results saved to: C:\Users\user\Desktop\FYP\results\mattrife_analysis.json
2025-12-10 20:38:32 - __main__ - INFO - 
2025-12-10 20:38:32 - __main__ - INFO - ======================================================================
2025-12-10 20:38:32 - __main__ - INFO -   STAGE 4: CLEANUP
2025-12-10 20:38:32 - __main__ - INFO - ======================================================================
2025-12-10 20:38:32 - src.utils.storage - INFO - Deleted 0 videos, freed 0.00 B
2025-12-10 20:38:32 - src.utils.storage - INFO - Total space freed: 0.00 B
2025-12-10 20:38:32 - src.utils.storage - INFO - Total space freed: 0.00 B
2025-12-10 20:38:32 - src.utils.storage - INFO - ==================================================
2025-12-10 20:38:32 - src.utils.storage - INFO - STORAGE USAGE REPORT
2025-12-10 20:38:32 - src.utils.storage - INFO - ==================================================
2025-12-10 20:38:33 - src.utils.storage - INFO - Images........................       203.91 MB
2025-12-10 20:38:33 - src.utils.storage - INFO - Videos........................          0.00 B
2025-12-10 20:38:33 - src.utils.storage - INFO - Dataset Total.................       312.87 MB
2025-12-10 20:38:33 - src.utils.storage - INFO - ==================================================
2025-12-10 20:38:33 - __main__ - INFO - 
Analysis complete for @mattrife
2025-12-10 20:38:33 - __main__ - INFO - 
2025-12-10 20:38:33 - __main__ - INFO - ======================================================================
2025-12-10 20:38:33 - __main__ - INFO -   PIPELINE COMPLETE
2025-12-10 20:38:33 - __main__ - INFO - ======================================================================
2025-12-10 20:38:33 - __main__ - INFO - All influencers processed successfully!
