2025-12-04 18:20:59 - __main__ - INFO - 
2025-12-04 18:20:59 - __main__ - INFO - ======================================================================
2025-12-04 18:20:59 - __main__ - INFO -   CLOUTCHECK AI - FULL PIPELINE
2025-12-04 18:20:59 - __main__ - INFO - ======================================================================
2025-12-04 18:20:59 - __main__ - INFO - Found 2 influencer(s) to analyze
2025-12-04 18:20:59 - __main__ - INFO - 
Processing @cristiano...
2025-12-04 18:20:59 - __main__ - INFO - 
2025-12-04 18:20:59 - __main__ - INFO - ======================================================================
2025-12-04 18:20:59 - __main__ - INFO -   STAGE 1: PREPROCESSING DATA (CRISTIANO)
2025-12-04 18:20:59 - __main__ - INFO - ======================================================================
2025-12-04 18:20:59 - __main__ - INFO - Moved JSON to C:\Users\user\Desktop\FYP\data\raw\cristiano_posts.json
2025-12-04 18:20:59 - src.data_prep.preprocess_apify_json - INFO - Processing cristiano_posts.json...
2025-12-04 18:20:59 - src.data_prep.preprocess_apify_json - INFO - Found 179 posts
2025-12-04 18:20:59 - src.data_prep.preprocess_apify_json - INFO - Successfully processed 179 posts for @cristiano_posts
2025-12-04 18:20:59 - src.data_prep.preprocess_apify_json - INFO - Saved to C:\Users\user\Desktop\FYP\data\processed\cristiano_processed.csv
2025-12-04 18:20:59 - __main__ - INFO - Media already downloaded, skipping Stage 2...
2025-12-04 18:20:59 - __main__ - INFO -   Images: 1295 files
2025-12-04 18:20:59 - __main__ - INFO -   Videos: 49 files
2025-12-04 18:20:59 - __main__ - INFO - 
2025-12-04 18:20:59 - __main__ - INFO - ======================================================================
2025-12-04 18:20:59 - __main__ - INFO -   STAGE 3: RUNNING AI ANALYSIS (CRISTIANO)
2025-12-04 18:20:59 - __main__ - INFO - ======================================================================
2025-12-04 18:20:59 - __main__ - INFO - 
2025-12-04 18:20:59 - __main__ - INFO - ======================================================================
2025-12-04 18:20:59 - __main__ - INFO -   ANALYZING @CRISTIANO
2025-12-04 18:20:59 - __main__ - INFO - ======================================================================
2025-12-04 18:20:59 - __main__ - INFO - Loaded 179 posts for @cristiano
2025-12-04 18:20:59 - src.models.text_toxicity - INFO - Initializing TextAnalyzer on cpu
2025-12-04 18:20:59 - src.models.text_toxicity - INFO - Loading Toxicity model: unitary/unbiased-toxic-roberta
2025-12-04 18:21:03 - src.models.text_toxicity - INFO - ✓ Toxicity model loaded successfully
2025-12-04 18:21:03 - src.models.text_toxicity - INFO - Loading sentiment model: cardiffnlp/twitter-roberta-base-sentiment-latest
2025-12-04 18:21:06 - src.models.text_toxicity - INFO - TextAnalyzer initialized successfully
2025-12-04 18:21:06 - src.models.image_nsfw - INFO - Initializing Simple Image Analyzer (NudeNet replacement)
2025-12-04 18:21:06 - src.models.image_nsfw - INFO - Note: Using basic heuristics instead of ML model due to Windows DLL issues
2025-12-04 18:21:06 - __main__ - INFO - Analyzing text content...
2025-12-04 18:27:19 - __main__ - INFO - Analyzing images...
2025-12-04 18:27:19 - __main__ - INFO - Found 467 images
2025-12-04 18:27:24 - __main__ - INFO - Analyzing videos...
2025-12-04 18:27:24 - src.models.video_analysis - INFO - Initializing VideoAnalyzer
2025-12-04 18:27:24 - src.models.audio_analysis - INFO - Loading Whisper model: tiny on cpu
2025-12-04 18:27:26 - src.models.audio_analysis - INFO - Whisper model loaded successfully
2025-12-04 18:27:26 - __main__ - INFO - Found 30 videos
2025-12-04 18:27:26 - src.models.video_analysis - INFO - Analyzing video: cristiano_v_1.mp4
2025-12-04 18:27:26 - src.data_prep.video_processor - INFO - Extracting frames from cristiano_v_1 (FPS: 25.0, interval: 25)
2025-12-04 18:27:34 - src.data_prep.video_processor - INFO - Extracted 58 frames from cristiano_v_1
2025-12-04 18:27:36 - src.models.video_analysis - INFO - Analyzing 58 frames...
2025-12-04 18:27:37 - src.models.video_analysis - INFO - Analyzing audio from cristiano_v_1.wav...
2025-12-04 18:27:37 - src.models.audio_analysis - INFO - Transcribing cristiano_v_1.wav...
2025-12-04 18:28:33 - src.models.audio_analysis - INFO - Transcription complete: 429 characters, 18 segments
2025-12-04 18:28:36 - src.models.video_analysis - INFO - Analyzing video: cristiano_v_10.mp4
2025-12-04 18:28:37 - src.data_prep.video_processor - INFO - Extracting frames from cristiano_v_10 (FPS: 30.0, interval: 30)
2025-12-04 18:28:37 - src.data_prep.video_processor - INFO - Extracted 12 frames from cristiano_v_10
2025-12-04 18:28:37 - src.models.video_analysis - INFO - Analyzing 12 frames...
2025-12-04 18:28:37 - src.models.video_analysis - INFO - Analyzing audio from cristiano_v_10.wav...
2025-12-04 18:28:37 - src.models.audio_analysis - INFO - Transcribing cristiano_v_10.wav...
2025-12-04 18:28:52 - src.models.audio_analysis - INFO - Transcription complete: 8 characters, 1 segments
2025-12-04 18:28:52 - src.models.video_analysis - INFO - Analyzing video: cristiano_v_11.mp4
2025-12-04 18:28:53 - src.data_prep.video_processor - INFO - Extracting frames from cristiano_v_11 (FPS: 30.0, interval: 30)
2025-12-04 18:28:54 - src.data_prep.video_processor - INFO - Extracted 22 frames from cristiano_v_11
2025-12-04 18:28:54 - src.models.video_analysis - INFO - Analyzing 22 frames...
2025-12-04 18:28:54 - src.models.video_analysis - INFO - Analyzing audio from cristiano_v_11.wav...
2025-12-04 18:28:54 - src.models.audio_analysis - INFO - Transcribing cristiano_v_11.wav...
2025-12-04 18:28:59 - src.models.audio_analysis - INFO - Transcription complete: 72 characters, 1 segments
2025-12-04 18:28:59 - src.models.video_analysis - INFO - Analyzing video: cristiano_v_12.mp4
2025-12-04 18:28:59 - src.data_prep.video_processor - INFO - Extracting frames from cristiano_v_12 (FPS: 24.0, interval: 23)
2025-12-04 18:29:00 - src.data_prep.video_processor - INFO - Extracted 27 frames from cristiano_v_12
2025-12-04 18:29:01 - src.models.video_analysis - INFO - Analyzing 27 frames...
2025-12-04 18:29:01 - src.models.video_analysis - INFO - Analyzing audio from cristiano_v_12.wav...
2025-12-04 18:29:01 - src.models.audio_analysis - INFO - Transcribing cristiano_v_12.wav...
2025-12-04 18:29:08 - src.models.audio_analysis - INFO - Transcription complete: 321 characters, 7 segments
2025-12-04 18:29:09 - src.models.video_analysis - INFO - Analyzing video: cristiano_v_13.mp4
2025-12-04 18:29:10 - src.data_prep.video_processor - INFO - Extracting frames from cristiano_v_13 (FPS: 30.0, interval: 30)
2025-12-04 18:29:16 - src.data_prep.video_processor - INFO - Extracted 30 frames from cristiano_v_13
2025-12-04 18:29:16 - src.models.video_analysis - INFO - Analyzing 30 frames...
2025-12-04 18:29:17 - src.models.video_analysis - INFO - Analyzing audio from cristiano_v_13.wav...
2025-12-04 18:29:17 - src.models.audio_analysis - INFO - Transcribing cristiano_v_13.wav...
2025-12-04 18:29:23 - src.models.audio_analysis - INFO - Transcription complete: 274 characters, 5 segments
2025-12-04 18:29:24 - src.models.video_analysis - INFO - Analyzing video: cristiano_v_14.mp4
2025-12-04 18:29:24 - src.data_prep.video_processor - INFO - Extracting frames from cristiano_v_14 (FPS: 30.0, interval: 30)
2025-12-04 18:29:26 - src.data_prep.video_processor - INFO - Extracted 36 frames from cristiano_v_14
2025-12-04 18:29:26 - src.models.video_analysis - INFO - Analyzing 36 frames...
2025-12-04 18:29:27 - src.models.video_analysis - INFO - Analyzing audio from cristiano_v_14.wav...
2025-12-04 18:29:27 - src.models.audio_analysis - INFO - Transcribing cristiano_v_14.wav...
2025-12-04 18:30:18 - src.models.audio_analysis - INFO - Transcription complete: 31 characters, 1 segments
2025-12-04 18:30:18 - src.models.video_analysis - INFO - Analyzing video: cristiano_v_15.mp4
2025-12-04 18:30:19 - src.data_prep.video_processor - INFO - Extracting frames from cristiano_v_15 (FPS: 25.0, interval: 25)
2025-12-04 18:30:21 - src.data_prep.video_processor - INFO - Extracted 66 frames from cristiano_v_15
2025-12-04 18:30:21 - src.models.video_analysis - INFO - Analyzing 66 frames...
2025-12-04 18:30:22 - src.models.video_analysis - INFO - Analyzing audio from cristiano_v_15.wav...
2025-12-04 18:30:22 - src.models.audio_analysis - INFO - Transcribing cristiano_v_15.wav...
2025-12-04 18:30:34 - src.models.audio_analysis - INFO - Transcription complete: 544 characters, 11 segments
2025-12-04 18:30:35 - src.models.video_analysis - INFO - Analyzing video: cristiano_v_16.mp4
2025-12-04 18:30:35 - src.data_prep.video_processor - INFO - Extracting frames from cristiano_v_16 (FPS: 25.0, interval: 25)
2025-12-04 18:30:36 - src.data_prep.video_processor - INFO - Extracted 21 frames from cristiano_v_16
2025-12-04 18:30:36 - src.models.video_analysis - INFO - Analyzing 21 frames...
2025-12-04 18:30:36 - src.models.video_analysis - INFO - Analyzing audio from cristiano_v_16.wav...
2025-12-04 18:30:36 - src.models.audio_analysis - INFO - Transcribing cristiano_v_16.wav...
2025-12-04 18:30:55 - src.models.audio_analysis - INFO - Transcription complete: 33 characters, 2 segments
2025-12-04 18:30:55 - src.models.video_analysis - INFO - Analyzing video: cristiano_v_17.mp4
2025-12-04 18:30:56 - src.data_prep.video_processor - INFO - Extracting frames from cristiano_v_17 (FPS: 30.0, interval: 30)
2025-12-04 18:30:58 - src.data_prep.video_processor - INFO - Extracted 57 frames from cristiano_v_17
2025-12-04 18:30:58 - src.models.video_analysis - INFO - Analyzing 57 frames...
2025-12-04 18:30:59 - src.models.video_analysis - INFO - Analyzing audio from cristiano_v_17.wav...
2025-12-04 18:30:59 - src.models.audio_analysis - INFO - Transcribing cristiano_v_17.wav...
2025-12-04 18:31:05 - src.models.audio_analysis - INFO - Transcription complete: 74 characters, 6 segments
2025-12-04 18:31:05 - src.models.video_analysis - INFO - Analyzing video: cristiano_v_18.mp4
2025-12-04 18:31:06 - src.data_prep.video_processor - INFO - Extracting frames from cristiano_v_18 (FPS: 25.0, interval: 25)
2025-12-04 18:31:08 - src.data_prep.video_processor - INFO - Extracted 93 frames from cristiano_v_18
2025-12-04 18:31:09 - src.models.video_analysis - INFO - Analyzing 93 frames...
2025-12-04 18:31:10 - src.models.video_analysis - INFO - Analyzing audio from cristiano_v_18.wav...
2025-12-04 18:31:10 - src.models.audio_analysis - INFO - Transcribing cristiano_v_18.wav...
2025-12-04 18:31:39 - src.models.audio_analysis - INFO - Transcription complete: 577 characters, 43 segments
2025-12-04 18:31:40 - src.models.video_analysis - INFO - Analyzing video: cristiano_v_19.mp4
2025-12-04 18:31:40 - src.data_prep.video_processor - INFO - Extracting frames from cristiano_v_19 (FPS: 25.0, interval: 25)
2025-12-04 18:31:41 - src.data_prep.video_processor - INFO - Extracted 9 frames from cristiano_v_19
2025-12-04 18:31:41 - src.models.video_analysis - INFO - Analyzing 9 frames...
2025-12-04 18:31:41 - src.models.video_analysis - INFO - Analyzing audio from cristiano_v_19.wav...
2025-12-04 18:31:41 - src.models.audio_analysis - INFO - Transcribing cristiano_v_19.wav...
2025-12-04 18:31:53 - src.models.audio_analysis - INFO - Transcription complete: 13 characters, 1 segments
2025-12-04 18:31:54 - src.models.video_analysis - INFO - Analyzing video: cristiano_v_2.mp4
2025-12-04 18:31:54 - src.data_prep.video_processor - INFO - Extracting frames from cristiano_v_2 (FPS: 25.0, interval: 25)
2025-12-04 18:32:07 - src.data_prep.video_processor - INFO - Extracted 86 frames from cristiano_v_2
2025-12-04 18:32:07 - src.models.video_analysis - INFO - Analyzing 86 frames...
2025-12-04 18:32:08 - src.models.video_analysis - INFO - Analyzing audio from cristiano_v_2.wav...
2025-12-04 18:32:08 - src.models.audio_analysis - INFO - Transcribing cristiano_v_2.wav...
2025-12-04 18:32:53 - src.models.audio_analysis - INFO - Transcription complete: 427 characters, 11 segments
2025-12-04 18:32:53 - src.models.video_analysis - INFO - Analyzing video: cristiano_v_20.mp4
2025-12-04 18:32:54 - src.data_prep.video_processor - INFO - Extracting frames from cristiano_v_20 (FPS: 30.0, interval: 30)
2025-12-04 18:32:56 - src.data_prep.video_processor - INFO - Extracted 62 frames from cristiano_v_20
2025-12-04 18:32:56 - src.models.video_analysis - INFO - Analyzing 62 frames...
2025-12-04 18:32:57 - src.models.video_analysis - INFO - Analyzing audio from cristiano_v_20.wav...
2025-12-04 18:32:57 - src.models.audio_analysis - INFO - Transcribing cristiano_v_20.wav...
2025-12-04 18:33:25 - src.models.audio_analysis - INFO - Transcription complete: 77 characters, 3 segments
2025-12-04 18:33:26 - src.models.video_analysis - INFO - Analyzing video: cristiano_v_21.mp4
2025-12-04 18:33:26 - src.data_prep.video_processor - INFO - Extracting frames from cristiano_v_21 (FPS: 30.0, interval: 30)
2025-12-04 18:33:27 - src.data_prep.video_processor - INFO - Extracted 25 frames from cristiano_v_21
2025-12-04 18:33:27 - src.models.video_analysis - INFO - Analyzing 25 frames...
2025-12-04 18:33:28 - src.models.video_analysis - INFO - Analyzing audio from cristiano_v_21.wav...
2025-12-04 18:33:28 - src.models.audio_analysis - INFO - Transcribing cristiano_v_21.wav...
2025-12-04 18:33:41 - src.models.audio_analysis - INFO - Transcription complete: 4 characters, 1 segments
2025-12-04 18:33:41 - src.models.video_analysis - INFO - Analyzing video: cristiano_v_22.mp4
2025-12-04 18:33:41 - src.data_prep.video_processor - INFO - Extracting frames from cristiano_v_22 (FPS: 25.0, interval: 25)
2025-12-04 18:33:42 - src.data_prep.video_processor - INFO - Extracted 18 frames from cristiano_v_22
2025-12-04 18:33:42 - src.models.video_analysis - INFO - Analyzing 18 frames...
2025-12-04 18:33:42 - src.models.video_analysis - INFO - Analyzing audio from cristiano_v_22.wav...
2025-12-04 18:33:42 - src.models.audio_analysis - INFO - Transcribing cristiano_v_22.wav...
2025-12-04 18:33:47 - src.models.audio_analysis - INFO - Transcription complete: 68 characters, 2 segments
2025-12-04 18:33:47 - src.models.video_analysis - INFO - Analyzing video: cristiano_v_23.mp4
2025-12-04 18:33:47 - src.data_prep.video_processor - INFO - Extracting frames from cristiano_v_23 (FPS: 29.9, interval: 29)
2025-12-04 18:33:47 - src.data_prep.video_processor - INFO - Extracted 20 frames from cristiano_v_23
2025-12-04 18:33:48 - src.models.video_analysis - INFO - Analyzing 20 frames...
2025-12-04 18:33:48 - src.models.video_analysis - INFO - Analyzing audio from cristiano_v_23.wav...
2025-12-04 18:33:48 - src.models.audio_analysis - INFO - Transcribing cristiano_v_23.wav...
2025-12-04 18:33:55 - src.models.audio_analysis - INFO - Transcription complete: 281 characters, 6 segments
2025-12-04 18:33:55 - src.models.video_analysis - INFO - Analyzing video: cristiano_v_24.mp4
2025-12-04 18:33:56 - src.data_prep.video_processor - INFO - Extracting frames from cristiano_v_24 (FPS: 30.0, interval: 29)
2025-12-04 18:33:56 - src.data_prep.video_processor - INFO - Extracted 19 frames from cristiano_v_24
2025-12-04 18:33:56 - src.models.video_analysis - INFO - Analyzing 19 frames...
2025-12-04 18:33:57 - src.models.video_analysis - INFO - Analyzing audio from cristiano_v_24.wav...
2025-12-04 18:33:57 - src.models.audio_analysis - INFO - Transcribing cristiano_v_24.wav...
2025-12-04 18:34:08 - src.models.audio_analysis - INFO - Transcription complete: 12 characters, 1 segments
2025-12-04 18:34:09 - src.models.video_analysis - INFO - Analyzing video: cristiano_v_25.mp4
2025-12-04 18:34:09 - src.data_prep.video_processor - INFO - Extracting frames from cristiano_v_25 (FPS: 30.0, interval: 30)
2025-12-04 18:34:11 - src.data_prep.video_processor - INFO - Extracted 60 frames from cristiano_v_25
2025-12-04 18:34:11 - src.models.video_analysis - INFO - Analyzing 60 frames...
2025-12-04 18:34:12 - src.models.video_analysis - INFO - Analyzing audio from cristiano_v_25.wav...
2025-12-04 18:34:12 - src.models.audio_analysis - INFO - Transcribing cristiano_v_25.wav...
2025-12-04 18:34:22 - src.models.audio_analysis - INFO - Transcription complete: 414 characters, 10 segments
2025-12-04 18:34:23 - src.models.video_analysis - INFO - Analyzing video: cristiano_v_26.mp4
2025-12-04 18:34:23 - src.data_prep.video_processor - INFO - Extracting frames from cristiano_v_26 (FPS: 30.0, interval: 30)
2025-12-04 18:34:24 - src.data_prep.video_processor - INFO - Extracted 18 frames from cristiano_v_26
2025-12-04 18:34:24 - src.models.video_analysis - INFO - Analyzing 18 frames...
2025-12-04 18:34:24 - src.models.video_analysis - INFO - Analyzing audio from cristiano_v_26.wav...
2025-12-04 18:34:24 - src.models.audio_analysis - INFO - Transcribing cristiano_v_26.wav...
2025-12-04 18:34:37 - src.models.audio_analysis - INFO - Transcription complete: 6 characters, 1 segments
2025-12-04 18:34:37 - src.models.video_analysis - INFO - Analyzing video: cristiano_v_27.mp4
2025-12-04 18:34:37 - src.data_prep.video_processor - INFO - Extracting frames from cristiano_v_27 (FPS: 25.0, interval: 25)
2025-12-04 18:34:38 - src.data_prep.video_processor - INFO - Extracted 20 frames from cristiano_v_27
2025-12-04 18:34:38 - src.models.video_analysis - INFO - Analyzing 20 frames...
2025-12-04 18:34:38 - src.models.video_analysis - INFO - Analyzing audio from cristiano_v_27.wav...
2025-12-04 18:34:38 - src.models.audio_analysis - INFO - Transcribing cristiano_v_27.wav...
2025-12-04 18:34:53 - src.models.audio_analysis - INFO - Transcription complete: 190 characters, 5 segments
2025-12-04 18:34:53 - src.models.video_analysis - INFO - Analyzing video: cristiano_v_28.mp4
2025-12-04 18:34:54 - src.data_prep.video_processor - INFO - Extracting frames from cristiano_v_28 (FPS: 25.0, interval: 25)
2025-12-04 18:34:54 - src.data_prep.video_processor - INFO - Extracted 17 frames from cristiano_v_28
2025-12-04 18:34:54 - src.models.video_analysis - INFO - Analyzing 17 frames...
2025-12-04 18:34:54 - src.models.video_analysis - INFO - Analyzing audio from cristiano_v_28.wav...
2025-12-04 18:34:54 - src.models.audio_analysis - INFO - Transcribing cristiano_v_28.wav...
2025-12-04 18:35:08 - src.models.audio_analysis - INFO - Transcription complete: 8 characters, 1 segments
2025-12-04 18:35:08 - src.models.video_analysis - INFO - Analyzing video: cristiano_v_29.mp4
2025-12-04 18:35:08 - src.data_prep.video_processor - INFO - Extracting frames from cristiano_v_29 (FPS: 30.0, interval: 30)
2025-12-04 18:35:09 - src.data_prep.video_processor - INFO - Extracted 31 frames from cristiano_v_29
2025-12-04 18:35:09 - src.models.video_analysis - INFO - Analyzing 31 frames...
2025-12-04 18:35:10 - src.models.video_analysis - INFO - Analyzing audio from cristiano_v_29.wav...
2025-12-04 18:35:10 - src.models.audio_analysis - INFO - Transcribing cristiano_v_29.wav...
2025-12-04 18:35:16 - src.models.audio_analysis - INFO - Transcription complete: 82 characters, 4 segments
2025-12-04 18:35:16 - src.models.video_analysis - INFO - Analyzing video: cristiano_v_3.mp4
2025-12-04 18:35:16 - src.data_prep.video_processor - INFO - Extracting frames from cristiano_v_3 (FPS: 25.0, interval: 25)
2025-12-04 18:35:24 - src.data_prep.video_processor - INFO - Extracted 48 frames from cristiano_v_3
2025-12-04 18:35:24 - src.models.video_analysis - INFO - Analyzing 48 frames...
2025-12-04 18:35:25 - src.models.video_analysis - INFO - Analyzing audio from cristiano_v_3.wav...
2025-12-04 18:35:25 - src.models.audio_analysis - INFO - Transcribing cristiano_v_3.wav...
2025-12-04 18:35:38 - src.models.audio_analysis - INFO - Transcription complete: 620 characters, 27 segments
2025-12-04 18:35:39 - src.models.video_analysis - INFO - Analyzing video: cristiano_v_30.mp4
2025-12-04 18:35:39 - src.data_prep.video_processor - INFO - Extracting frames from cristiano_v_30 (FPS: 30.0, interval: 30)
2025-12-04 18:35:41 - src.data_prep.video_processor - INFO - Extracted 53 frames from cristiano_v_30
2025-12-04 18:35:41 - src.models.video_analysis - INFO - Analyzing 53 frames...
2025-12-04 18:35:42 - src.models.video_analysis - INFO - Analyzing audio from cristiano_v_30.wav...
2025-12-04 18:35:42 - src.models.audio_analysis - INFO - Transcribing cristiano_v_30.wav...
2025-12-04 18:35:52 - src.models.audio_analysis - INFO - Transcription complete: 342 characters, 6 segments
2025-12-04 18:35:52 - src.models.video_analysis - INFO - Analyzing video: cristiano_v_4.mp4
2025-12-04 18:35:53 - src.data_prep.video_processor - INFO - Extracting frames from cristiano_v_4 (FPS: 25.0, interval: 25)
2025-12-04 18:36:01 - src.data_prep.video_processor - INFO - Extracted 58 frames from cristiano_v_4
2025-12-04 18:36:01 - src.models.video_analysis - INFO - Analyzing 58 frames...
2025-12-04 18:36:02 - src.models.video_analysis - INFO - Analyzing audio from cristiano_v_4.wav...
2025-12-04 18:36:02 - src.models.audio_analysis - INFO - Transcribing cristiano_v_4.wav...
2025-12-04 18:36:07 - src.models.audio_analysis - INFO - Transcription complete: 0 characters, 0 segments
2025-12-04 18:36:07 - src.models.audio_analysis - WARNING - No transcription for C:\Users\user\Desktop\FYP\dataset\temp_video_frames\cristiano_v_4.wav, skipping text analysis
2025-12-04 18:36:07 - src.models.video_analysis - INFO - Analyzing video: cristiano_v_5.mp4
2025-12-04 18:36:07 - src.data_prep.video_processor - INFO - Extracting frames from cristiano_v_5 (FPS: 25.0, interval: 25)
2025-12-04 18:36:10 - src.data_prep.video_processor - INFO - Extracted 21 frames from cristiano_v_5
2025-12-04 18:36:10 - src.models.video_analysis - INFO - Analyzing 21 frames...
2025-12-04 18:36:11 - src.models.video_analysis - INFO - Analyzing audio from cristiano_v_5.wav...
2025-12-04 18:36:11 - src.models.audio_analysis - INFO - Transcribing cristiano_v_5.wav...
2025-12-04 18:36:34 - src.models.audio_analysis - INFO - Transcription complete: 68 characters, 4 segments
2025-12-04 18:36:35 - src.models.video_analysis - INFO - Analyzing video: cristiano_v_6.mp4
2025-12-04 18:36:35 - src.data_prep.video_processor - INFO - Extracting frames from cristiano_v_6 (FPS: 30.0, interval: 30)
2025-12-04 18:36:35 - src.data_prep.video_processor - INFO - Extracted 8 frames from cristiano_v_6
2025-12-04 18:36:35 - src.models.video_analysis - INFO - Analyzing 8 frames...
2025-12-04 18:36:35 - src.models.video_analysis - INFO - Analyzing audio from cristiano_v_6.wav...
2025-12-04 18:36:35 - src.models.audio_analysis - INFO - Transcribing cristiano_v_6.wav...
2025-12-04 18:37:03 - src.models.audio_analysis - INFO - Transcription complete: 7 characters, 1 segments
2025-12-04 18:37:03 - src.models.video_analysis - INFO - Analyzing video: cristiano_v_7.mp4
2025-12-04 18:37:03 - src.data_prep.video_processor - INFO - Extracting frames from cristiano_v_7 (FPS: 30.0, interval: 30)
2025-12-04 18:37:05 - src.data_prep.video_processor - INFO - Extracted 41 frames from cristiano_v_7
2025-12-04 18:37:05 - src.models.video_analysis - INFO - Analyzing 41 frames...
2025-12-04 18:37:06 - src.models.video_analysis - INFO - Analyzing audio from cristiano_v_7.wav...
2025-12-04 18:37:06 - src.models.audio_analysis - INFO - Transcribing cristiano_v_7.wav...
2025-12-04 18:37:11 - src.models.audio_analysis - INFO - Transcription complete: 0 characters, 0 segments
2025-12-04 18:37:11 - src.models.audio_analysis - WARNING - No transcription for C:\Users\user\Desktop\FYP\dataset\temp_video_frames\cristiano_v_7.wav, skipping text analysis
2025-12-04 18:37:11 - src.models.video_analysis - INFO - Analyzing video: cristiano_v_8.mp4
2025-12-04 18:37:11 - src.data_prep.video_processor - INFO - Extracting frames from cristiano_v_8 (FPS: 25.0, interval: 25)
2025-12-04 18:37:21 - src.data_prep.video_processor - INFO - Extracted 63 frames from cristiano_v_8
2025-12-04 18:37:21 - src.models.video_analysis - INFO - Analyzing 63 frames...
2025-12-04 18:37:22 - src.models.video_analysis - INFO - Analyzing audio from cristiano_v_8.wav...
2025-12-04 18:37:22 - src.models.audio_analysis - INFO - Transcribing cristiano_v_8.wav...
2025-12-04 18:37:33 - src.models.audio_analysis - INFO - Transcription complete: 333 characters, 11 segments
2025-12-04 18:37:34 - src.models.video_analysis - INFO - Analyzing video: cristiano_v_9.mp4
2025-12-04 18:37:34 - src.data_prep.video_processor - INFO - Extracting frames from cristiano_v_9 (FPS: 25.0, interval: 25)
2025-12-04 18:37:36 - src.data_prep.video_processor - INFO - Extracted 74 frames from cristiano_v_9
2025-12-04 18:37:37 - src.models.video_analysis - INFO - Analyzing 74 frames...
2025-12-04 18:37:38 - src.models.video_analysis - INFO - Analyzing audio from cristiano_v_9.wav...
2025-12-04 18:37:38 - src.models.audio_analysis - INFO - Transcribing cristiano_v_9.wav...
2025-12-04 18:37:51 - src.models.audio_analysis - INFO - Transcription complete: 430 characters, 29 segments
2025-12-04 18:37:52 - __main__ - INFO - Calculating aggregate scores...
2025-12-04 18:37:52 - src.brand_fit.brand_analyzer - INFO - Initialized BrandFitAnalyzer for e.l.f. Cosmetics
2025-12-04 18:37:52 - src.brand_fit.brand_analyzer - INFO - Analyzing brand fit for @cristiano with e.l.f. Cosmetics
2025-12-04 18:37:52 - __main__ - INFO - Results saved to: C:\Users\user\Desktop\FYP\results\cristiano_analysis.json
2025-12-04 18:37:52 - __main__ - INFO - 
2025-12-04 18:37:52 - __main__ - INFO - ======================================================================
2025-12-04 18:37:52 - __main__ - INFO -   STAGE 4: CLEANUP
2025-12-04 18:37:52 - __main__ - INFO - ======================================================================
2025-12-04 18:37:52 - src.utils.storage - INFO - Deleted 19 videos, freed 82.47 MB
2025-12-04 18:37:52 - src.utils.storage - INFO - Total space freed: 82.47 MB
2025-12-04 18:37:52 - src.utils.storage - INFO - Total space freed: 82.47 MB
2025-12-04 18:37:52 - src.utils.storage - INFO - ==================================================
2025-12-04 18:37:52 - src.utils.storage - INFO - STORAGE USAGE REPORT
2025-12-04 18:37:52 - src.utils.storage - INFO - ==================================================
2025-12-04 18:37:52 - src.utils.storage - INFO - Images........................       215.90 MB
2025-12-04 18:37:52 - src.utils.storage - INFO - Videos........................          0.00 B
2025-12-04 18:37:52 - src.utils.storage - INFO - Dataset Total.................       315.37 MB
2025-12-04 18:37:52 - src.utils.storage - INFO - ==================================================
2025-12-04 18:37:52 - __main__ - INFO - 
Analysis complete for @cristiano
2025-12-04 18:37:52 - __main__ - INFO - 
Processing @mattrife_6months...
2025-12-04 18:37:52 - __main__ - INFO - 
2025-12-04 18:37:52 - __main__ - INFO - ======================================================================
2025-12-04 18:37:52 - __main__ - INFO -   STAGE 1: PREPROCESSING DATA (MATTRIFE_6MONTHS)
2025-12-04 18:37:52 - __main__ - INFO - ======================================================================
2025-12-04 18:37:52 - src.data_prep.preprocess_apify_json - INFO - Processing mattrife_6months_posts.json...
2025-12-04 18:37:53 - src.data_prep.preprocess_apify_json - INFO - Found 159 posts
2025-12-04 18:37:53 - src.data_prep.preprocess_apify_json - INFO - Successfully processed 159 posts for @mattrife
2025-12-04 18:37:53 - src.data_prep.preprocess_apify_json - INFO - Saved to C:\Users\user\Desktop\FYP\data\processed\mattrife_6months_processed.csv
2025-12-04 18:37:53 - __main__ - INFO - Media already downloaded, skipping Stage 2...
2025-12-04 18:37:53 - __main__ - INFO -   Images: 1295 files
2025-12-04 18:37:53 - __main__ - INFO -   Videos: 0 files
2025-12-04 18:37:53 - __main__ - INFO - 
2025-12-04 18:37:53 - __main__ - INFO - ======================================================================
2025-12-04 18:37:53 - __main__ - INFO -   STAGE 3: RUNNING AI ANALYSIS (MATTRIFE_6MONTHS)
2025-12-04 18:37:53 - __main__ - INFO - ======================================================================
2025-12-04 18:37:53 - __main__ - INFO - 
2025-12-04 18:37:53 - __main__ - INFO - ======================================================================
2025-12-04 18:37:53 - __main__ - INFO -   ANALYZING @MATTRIFE_6MONTHS
2025-12-04 18:37:53 - __main__ - INFO - ======================================================================
2025-12-04 18:37:53 - __main__ - INFO - Loaded 159 posts for @mattrife_6months
2025-12-04 18:37:53 - __main__ - INFO - Analyzing text content...
2025-12-04 18:41:55 - __main__ - INFO - Analyzing images...
2025-12-04 18:41:55 - __main__ - INFO - Found 0 images
2025-12-04 18:41:55 - __main__ - INFO - Analyzing videos...
2025-12-04 18:41:55 - __main__ - INFO - Found 0 videos
2025-12-04 18:41:55 - __main__ - INFO - Calculating aggregate scores...
2025-12-04 18:41:55 - src.brand_fit.brand_analyzer - INFO - Initialized BrandFitAnalyzer for e.l.f. Cosmetics
2025-12-04 18:41:55 - src.brand_fit.brand_analyzer - INFO - Analyzing brand fit for @mattrife_6months with e.l.f. Cosmetics
2025-12-04 18:41:55 - __main__ - INFO - Results saved to: C:\Users\user\Desktop\FYP\results\mattrife_6months_analysis.json
2025-12-04 18:41:55 - __main__ - INFO - 
2025-12-04 18:41:55 - __main__ - INFO - ======================================================================
2025-12-04 18:41:55 - __main__ - INFO -   STAGE 4: CLEANUP
2025-12-04 18:41:55 - __main__ - INFO - ======================================================================
2025-12-04 18:41:55 - src.utils.storage - INFO - Deleted 0 videos, freed 0.00 B
2025-12-04 18:41:55 - src.utils.storage - INFO - Total space freed: 0.00 B
2025-12-04 18:41:55 - src.utils.storage - INFO - Total space freed: 0.00 B
2025-12-04 18:41:55 - src.utils.storage - INFO - ==================================================
2025-12-04 18:41:55 - src.utils.storage - INFO - STORAGE USAGE REPORT
2025-12-04 18:41:55 - src.utils.storage - INFO - ==================================================
2025-12-04 18:41:55 - src.utils.storage - INFO - Images........................       215.90 MB
2025-12-04 18:41:55 - src.utils.storage - INFO - Videos........................          0.00 B
2025-12-04 18:41:55 - src.utils.storage - INFO - Dataset Total.................       315.37 MB
2025-12-04 18:41:55 - src.utils.storage - INFO - ==================================================
2025-12-04 18:41:55 - __main__ - INFO - 
Analysis complete for @mattrife_6months
2025-12-04 18:41:55 - __main__ - INFO - 
2025-12-04 18:41:55 - __main__ - INFO - ======================================================================
2025-12-04 18:41:55 - __main__ - INFO -   PIPELINE COMPLETE
2025-12-04 18:41:55 - __main__ - INFO - ======================================================================
2025-12-04 18:41:55 - __main__ - INFO - All influencers processed successfully!
